<?xml version="1.0" encoding="UTF-8"?>
<!-- Generated by org.testng.reporters.JUnitReportReporter -->
<testsuite name="google_search.TC001" tests="1" time="12.655" ignored="0" failures="0" timestamp="25 Nov 2019 02:54:08 GMT" skipped="0" hostname="KAKON-PC" errors="0">
  <testcase name="Tesst_1" time="12.655" classname="google_search.TC001"/>
</testsuite> <!-- google_search.TC001 -->
